Flow report for final_project
Tue Apr 21 01:49:28 2020
Quartus Prime Version 18.0.0 Build 614 04/24/2018 SJ Lite Edition


---------------------
; Table of Contents ;
---------------------
  1. Legal Notice
  2. Flow Summary
  3. Flow Settings
  4. Flow Non-Default Global Settings
  5. Flow Elapsed Time
  6. Flow OS Summary
  7. Flow Log
  8. Flow Messages
  9. Flow Suppressed Messages



----------------
; Legal Notice ;
----------------
Copyright (C) 2018  Intel Corporation. All rights reserved.
Your use of Intel Corporation's design tools, logic functions 
and other software and tools, and its AMPP partner logic 
functions, and any output files from any of the foregoing 
(including device programming or simulation files), and any 
associated documentation or information are expressly subject 
to the terms and conditions of the Intel Program License 
Subscription Agreement, the Intel Quartus Prime License Agreement,
the Intel FPGA IP License Agreement, or other applicable license
agreement, including, without limitation, that your use is for
the sole purpose of programming logic devices manufactured by
Intel and sold by Intel or its authorized distributors.  Please
refer to the applicable agreement for further details.



+----------------------------------------------------------------------------------+
; Flow Summary                                                                     ;
+------------------------------------+---------------------------------------------+
; Flow Status                        ; Successful - Tue Apr 21 01:49:28 2020       ;
; Quartus Prime Version              ; 18.0.0 Build 614 04/24/2018 SJ Lite Edition ;
; Revision Name                      ; final_project                               ;
; Top-level Entity Name              ; lab8                                        ;
; Family                             ; Cyclone IV E                                ;
; Device                             ; EP4CE115F29C7                               ;
; Timing Models                      ; Final                                       ;
; Total logic elements               ; 4,115 / 114,480 ( 4 % )                     ;
;     Total combinational functions  ; 3,453 / 114,480 ( 3 % )                     ;
;     Dedicated logic registers      ; 2,140 / 114,480 ( 2 % )                     ;
; Total registers                    ; 2259                                        ;
; Total pins                         ; 128 / 529 ( 24 % )                          ;
; Total virtual pins                 ; 0                                           ;
; Total memory bits                  ; 1,854,592 / 3,981,312 ( 47 % )              ;
; Embedded Multiplier 9-bit elements ; 0 / 532 ( 0 % )                             ;
; Total PLLs                         ; 2 / 4 ( 50 % )                              ;
+------------------------------------+---------------------------------------------+


+-----------------------------------------+
; Flow Settings                           ;
+-------------------+---------------------+
; Option            ; Setting             ;
+-------------------+---------------------+
; Start date & time ; 04/21/2020 01:44:50 ;
; Main task         ; Compilation         ;
; Revision Name     ; final_project       ;
+-------------------+---------------------+


+-------------------------------------------------------------------------------------------------------------------------------------------------------+
; Flow Non-Default Global Settings                                                                                                                      ;
+--------------------------------------+-------------------------------------------------------------+---------------+-----------------+----------------+
; Assignment Name                      ; Value                                                       ; Default Value ; Entity Name     ; Section Id     ;
+--------------------------------------+-------------------------------------------------------------+---------------+-----------------+----------------+
; COMPILER_SIGNATURE_ID                ; 174508023101329.158745148907552                             ; --            ; --              ; --             ;
; EDA_DESIGN_INSTANCE_NAME             ; NA                                                          ; --            ; --              ; testbench      ;
; EDA_NATIVELINK_SIMULATION_TEST_BENCH ; testbench                                                   ; --            ; --              ; eda_simulation ;
; EDA_OUTPUT_DATA_FORMAT               ; Systemverilog Hdl                                           ; --            ; --              ; eda_simulation ;
; EDA_SIMULATION_TOOL                  ; ModelSim-Altera (SystemVerilog)                             ; <None>        ; --              ; --             ;
; EDA_TEST_BENCH_ENABLE_STATUS         ; NOT_USED                                                    ; --            ; --              ; eda_simulation ;
; EDA_TEST_BENCH_FILE                  ; testbench.sv                                                ; --            ; --              ; testbench      ;
; EDA_TEST_BENCH_MODULE_NAME           ; testbench                                                   ; --            ; --              ; testbench      ;
; EDA_TEST_BENCH_NAME                  ; testbench                                                   ; --            ; --              ; eda_simulation ;
; EDA_TEST_BENCH_RUN_SIM_FOR           ; 10000 ns                                                    ; --            ; --              ; testbench      ;
; EDA_TIME_SCALE                       ; 1 ps                                                        ; --            ; --              ; eda_simulation ;
; FLOW_ENABLE_POWER_ANALYZER           ; On                                                          ; Off           ; --              ; --             ;
; MAX_CORE_JUNCTION_TEMP               ; 85                                                          ; --            ; --              ; --             ;
; MIN_CORE_JUNCTION_TEMP               ; 0                                                           ; --            ; --              ; --             ;
; MISC_FILE                            ; final_soc/synthesis/../final_soc.cmp                        ; --            ; --              ; --             ;
; MISC_FILE                            ; final_soc/synthesis/../../final_soc.qsys                    ; --            ; --              ; --             ;
; MISC_FILE                            ; vga_clk.ppf                                                 ; --            ; --              ; --             ;
; PARTITION_COLOR                      ; -- (Not supported for targeted family)                      ; --            ; DE2_115_Default ; Top            ;
; PARTITION_COLOR                      ; -- (Not supported for targeted family)                      ; --            ; lab8            ; Top            ;
; PARTITION_FITTER_PRESERVATION_LEVEL  ; -- (Not supported for targeted family)                      ; --            ; DE2_115_Default ; Top            ;
; PARTITION_FITTER_PRESERVATION_LEVEL  ; -- (Not supported for targeted family)                      ; --            ; lab8            ; Top            ;
; PARTITION_NETLIST_TYPE               ; -- (Not supported for targeted family)                      ; --            ; DE2_115_Default ; Top            ;
; PARTITION_NETLIST_TYPE               ; -- (Not supported for targeted family)                      ; --            ; lab8            ; Top            ;
; POWER_BOARD_THERMAL_MODEL            ; None (CONSERVATIVE)                                         ; --            ; --              ; --             ;
; POWER_PRESET_COOLING_SOLUTION        ; 23 MM HEAT SINK WITH 200 LFPM AIRFLOW                       ; --            ; --              ; --             ;
; SLD_FILE                             ; final_soc/synthesis/final_soc.regmap                        ; --            ; --              ; --             ;
; SLD_FILE                             ; final_soc/synthesis/final_soc.debuginfo                     ; --            ; --              ; --             ;
; SLD_INFO                             ; QSYS_NAME final_soc HAS_SOPCINFO 1 GENERATION_ID 1586938339 ; --            ; final_soc       ; --             ;
; SOPCINFO_FILE                        ; final_soc/synthesis/../../final_soc.sopcinfo                ; --            ; --              ; --             ;
; SYNTHESIS_ONLY_QIP                   ; On                                                          ; --            ; --              ; --             ;
; TOP_LEVEL_ENTITY                     ; lab8                                                        ; final_project ; --              ; --             ;
+--------------------------------------+-------------------------------------------------------------+---------------+-----------------+----------------+


+--------------------------------------------------------------------------------------------------------------------------+
; Flow Elapsed Time                                                                                                        ;
+----------------------+--------------+-------------------------+---------------------+------------------------------------+
; Module Name          ; Elapsed Time ; Average Processors Used ; Peak Virtual Memory ; Total CPU Time (on all processors) ;
+----------------------+--------------+-------------------------+---------------------+------------------------------------+
; Analysis & Synthesis ; 00:03:22     ; 1.0                     ; 5042 MB             ; 00:03:38                           ;
; Fitter               ; 00:00:26     ; 1.1                     ; 5907 MB             ; 00:00:44                           ;
; Assembler            ; 00:00:05     ; 1.0                     ; 4722 MB             ; 00:00:05                           ;
; Power Analyzer       ; 00:00:12     ; 1.1                     ; 4971 MB             ; 00:00:12                           ;
; Timing Analyzer      ; 00:00:06     ; 1.2                     ; 4938 MB             ; 00:00:07                           ;
; EDA Netlist Writer   ; 00:00:09     ; 1.0                     ; 4746 MB             ; 00:00:09                           ;
; Total                ; 00:04:20     ; --                      ; --                  ; 00:04:55                           ;
+----------------------+--------------+-------------------------+---------------------+------------------------------------+


+------------------------------------------------------------------------------------+
; Flow OS Summary                                                                    ;
+----------------------+------------------+------------+------------+----------------+
; Module Name          ; Machine Hostname ; OS Name    ; OS Version ; Processor type ;
+----------------------+------------------+------------+------------+----------------+
; Analysis & Synthesis ; DESKTOP-LO4R239  ; Windows 10 ; 10.0       ; x86_64         ;
; Fitter               ; DESKTOP-LO4R239  ; Windows 10 ; 10.0       ; x86_64         ;
; Assembler            ; DESKTOP-LO4R239  ; Windows 10 ; 10.0       ; x86_64         ;
; Power Analyzer       ; DESKTOP-LO4R239  ; Windows 10 ; 10.0       ; x86_64         ;
; Timing Analyzer      ; DESKTOP-LO4R239  ; Windows 10 ; 10.0       ; x86_64         ;
; EDA Netlist Writer   ; DESKTOP-LO4R239  ; Windows 10 ; 10.0       ; x86_64         ;
+----------------------+------------------+------------+------------+----------------+


------------
; Flow Log ;
------------
quartus_map --read_settings_files=on --write_settings_files=off final_project -c final_project
quartus_fit --read_settings_files=off --write_settings_files=off final_project -c final_project
quartus_asm --read_settings_files=off --write_settings_files=off final_project -c final_project
quartus_pow --read_settings_files=off --write_settings_files=off final_project -c final_project
quartus_sta final_project -c final_project
quartus_eda --read_settings_files=off --write_settings_files=off final_project -c final_project



